Using pre-set license
Built from '2020.3/staging' branch; Version is '2020.3.4f1 (0abb6314276a) revision 703331'; Using compiler version '192528614'; Build Type 'Release'
OS: 'Windows 10 Pro; OS build 19041.928; Version 2004; 64bit' Language: 'en' Physical Memory: 32682 MB
BatchMode: 1, IsHumanControllingUs: 0, StartBugReporterOnCrash: 0, Is64bit: 1, IsPro: 0

 COMMAND LINE ARGUMENTS:
C:\Program Files\Unity\Hub\Editor\2020.3.4f1\Editor\Unity.exe
-adb2
-batchMode
-noUpm
-name
AssetImportWorker0
-projectPath
C:/unity Projects/FPS/holoShooter
-logFile
Logs/AssetImportWorker0.log
-srvPort
50052
Successfully changed project path to: C:/unity Projects/FPS/holoShooter
C:/unity Projects/FPS/holoShooter
Using Asset Import Pipeline V2.
Refreshing native plugins compatible for Editor in 16.23 ms, found 0 plugins.
Preloading 0 native plugins for Editor in 0.00 ms.
Initialize engine version: 2020.3.4f1 (0abb6314276a)
[Subsystems] Discovering subsystems at path C:/Program Files/Unity/Hub/Editor/2020.3.4f1/Editor/Data/Resources/UnitySubsystems
[Subsystems] Discovering subsystems at path C:/unity Projects/FPS/holoShooter/Assets
GfxDevice: creating device client; threaded=0
Direct3D:
    Version:  Direct3D 11.0 [level 11.1]
    Renderer: NVIDIA GeForce GTX 1660 SUPER (ID=0x21c4)
    Vendor:   
    VRAM:     5991 MB
    Driver:   27.21.14.6611
Initialize mono
Mono path[0] = 'C:/Program Files/Unity/Hub/Editor/2020.3.4f1/Editor/Data/Managed'
Mono path[1] = 'C:/Program Files/Unity/Hub/Editor/2020.3.4f1/Editor/Data/MonoBleedingEdge/lib/mono/unityjit'
Mono config path = 'C:/Program Files/Unity/Hub/Editor/2020.3.4f1/Editor/Data/MonoBleedingEdge/etc'
Using monoOptions --debugger-agent=transport=dt_socket,embedding=1,server=y,suspend=n,address=127.0.0.1:56572
Begin MonoManager ReloadAssembly
Registering precompiled unity dll's ...
Register platform support module: C:/Program Files/Unity/Hub/Editor/2020.3.4f1/Editor/Data/PlaybackEngines/WebGLSupport/UnityEditor.WebGL.Extensions.dll
Register platform support module: C:/Program Files/Unity/Hub/Editor/2020.3.4f1/Editor/Data/PlaybackEngines/WindowsStandaloneSupport/UnityEditor.WindowsStandalone.Extensions.dll
Registered in 0.001760 seconds.
Native extension for WindowsStandalone target not found
Native extension for WebGL target not found
Refreshing native plugins compatible for Editor in 15.98 ms, found 0 plugins.
Preloading 0 native plugins for Editor in 0.00 ms.
Mono: successfully reloaded assembly
- Completed reload, in  1.550 seconds
Platform modules already initialized, skipping
Registering precompiled user dll's ...
Registered in 0.000463 seconds.
Begin MonoManager ReloadAssembly
Native extension for WindowsStandalone target not found
Native extension for WebGL target not found
Refreshing native plugins compatible for Editor in 0.23 ms, found 0 plugins.
Preloading 0 native plugins for Editor in 0.00 ms.
Mono: successfully reloaded assembly
- Completed reload, in  0.535 seconds
Platform modules already initialized, skipping
========================================================================
Worker process is ready to serve import requests
Launched and connected shader compiler UnityShaderCompiler.exe after 0.03 seconds
Refreshing native plugins compatible for Editor in 0.22 ms, found 0 plugins.
Preloading 0 native plugins for Editor in 0.00 ms.
Unloading 1119 Unused Serialized files (Serialized files now loaded: 0)
System memory in use before: 57.5 MB.
System memory in use after: 57.5 MB.

Unloading 10 unused Assets to reduce memory usage. Loaded Objects now: 1563.
Total: 1.574500 ms (FindLiveObjects: 0.139400 ms CreateObjectMapping: 0.040700 ms MarkObjects: 1.329800 ms  DeleteObjects: 0.064000 ms)

========================================================================
Received Import Request.
  path: Assets/prefabs/crossRoad.prefab
  artifactKey: Guid(64094916835596a438775ed01d9f59d7) Importer(815301076,1909f56bfc062723c751e8b465ee728b)
Start importing Assets/prefabs/crossRoad.prefab using Guid(64094916835596a438775ed01d9f59d7) Importer(815301076,1909f56bfc062723c751e8b465ee728b)  -> (artifact id: 'd13a70ab9dfbbfb5d8bcafeebfd2a201') in 0.067782 seconds
  Import took 0.069442 seconds .

========================================================================
Received Import Request.
  Time since last request: 210.444850 seconds.
  path: Assets/prefabs/corner.prefab
  artifactKey: Guid(e8f05e6329ed81d4e851478c72dd40bf) Importer(815301076,1909f56bfc062723c751e8b465ee728b)
Start importing Assets/prefabs/corner.prefab using Guid(e8f05e6329ed81d4e851478c72dd40bf) Importer(815301076,1909f56bfc062723c751e8b465ee728b)  -> (artifact id: '06860938cfa07fb5a6e3bcdec195afac') in 0.009814 seconds
  Import took 0.011741 seconds .

========================================================================
Received Import Request.
  Time since last request: 0.000172 seconds.
  path: Assets/prefabs/corner.prefab
  artifactKey: Guid(e8f05e6329ed81d4e851478c72dd40bf) Importer(815301076,1909f56bfc062723c751e8b465ee728b)
Start importing Assets/prefabs/corner.prefab using Guid(e8f05e6329ed81d4e851478c72dd40bf) Importer(815301076,1909f56bfc062723c751e8b465ee728b)  -> (artifact id: '06860938cfa07fb5a6e3bcdec195afac') in 0.005435 seconds
  Import took 0.006911 seconds .

========================================================================
Received Import Request.
  Time since last request: 13.543425 seconds.
  path: Assets/prefabs/corner.prefab
  artifactKey: Guid(e8f05e6329ed81d4e851478c72dd40bf) Importer(815301076,1909f56bfc062723c751e8b465ee728b)
Start importing Assets/prefabs/corner.prefab using Guid(e8f05e6329ed81d4e851478c72dd40bf) Importer(815301076,1909f56bfc062723c751e8b465ee728b)  -> (artifact id: 'efc5b61794099c979711535c389d7520') in 0.008302 seconds
  Import took 0.010075 seconds .

========================================================================
Received Import Request.
  Time since last request: 3.203855 seconds.
  path: Assets/prefabs/corner.prefab
  artifactKey: Guid(e8f05e6329ed81d4e851478c72dd40bf) Importer(815301076,1909f56bfc062723c751e8b465ee728b)
Start importing Assets/prefabs/corner.prefab using Guid(e8f05e6329ed81d4e851478c72dd40bf) Importer(815301076,1909f56bfc062723c751e8b465ee728b)  -> (artifact id: 'e460319fed3a0894a1cfc82c31ce1a6e') in 0.009450 seconds
  Import took 0.011204 seconds .

========================================================================
Received Import Request.
  Time since last request: 4.676059 seconds.
  path: Assets/prefabs/corner.prefab
  artifactKey: Guid(e8f05e6329ed81d4e851478c72dd40bf) Importer(815301076,1909f56bfc062723c751e8b465ee728b)
Start importing Assets/prefabs/corner.prefab using Guid(e8f05e6329ed81d4e851478c72dd40bf) Importer(815301076,1909f56bfc062723c751e8b465ee728b)  -> (artifact id: '1d9283e406c513d8e8bdecb278aefe1d') in 0.009073 seconds
  Import took 0.010892 seconds .

========================================================================
Received Import Request.
  Time since last request: 8.451150 seconds.
  path: Assets/prefabs/corner.prefab
  artifactKey: Guid(e8f05e6329ed81d4e851478c72dd40bf) Importer(815301076,1909f56bfc062723c751e8b465ee728b)
Start importing Assets/prefabs/corner.prefab using Guid(e8f05e6329ed81d4e851478c72dd40bf) Importer(815301076,1909f56bfc062723c751e8b465ee728b)  -> (artifact id: 'dddc5f4fd6f6c62b2b03ca82297706ea') in 0.010308 seconds
  Import took 0.012187 seconds .

========================================================================
Received Import Request.
  Time since last request: 1.400668 seconds.
  path: Assets/prefabs/corner.prefab
  artifactKey: Guid(e8f05e6329ed81d4e851478c72dd40bf) Importer(815301076,1909f56bfc062723c751e8b465ee728b)
Start importing Assets/prefabs/corner.prefab using Guid(e8f05e6329ed81d4e851478c72dd40bf) Importer(815301076,1909f56bfc062723c751e8b465ee728b)  -> (artifact id: '378f9cd19eab62eb6018f5360908b355') in 0.008886 seconds
  Import took 0.010544 seconds .

========================================================================
Received Import Request.
  Time since last request: 3.810601 seconds.
  path: Assets/prefabs/corner.prefab
  artifactKey: Guid(e8f05e6329ed81d4e851478c72dd40bf) Importer(815301076,1909f56bfc062723c751e8b465ee728b)
Start importing Assets/prefabs/corner.prefab using Guid(e8f05e6329ed81d4e851478c72dd40bf) Importer(815301076,1909f56bfc062723c751e8b465ee728b)  -> (artifact id: 'fc5bd093c69e269989fd54b75048c843') in 0.007335 seconds
  Import took 0.009038 seconds .

========================================================================
Received Import Request.
  Time since last request: 4.624840 seconds.
  path: Assets/prefabs/corner.prefab
  artifactKey: Guid(e8f05e6329ed81d4e851478c72dd40bf) Importer(815301076,1909f56bfc062723c751e8b465ee728b)
Start importing Assets/prefabs/corner.prefab using Guid(e8f05e6329ed81d4e851478c72dd40bf) Importer(815301076,1909f56bfc062723c751e8b465ee728b)  -> (artifact id: '650a8ba08b9e4552bc0164d36ca0c254') in 0.010409 seconds
  Import took 0.012264 seconds .

========================================================================
Received Import Request.
  Time since last request: 1.397589 seconds.
  path: Assets/prefabs/corner.prefab
  artifactKey: Guid(e8f05e6329ed81d4e851478c72dd40bf) Importer(815301076,1909f56bfc062723c751e8b465ee728b)
Start importing Assets/prefabs/corner.prefab using Guid(e8f05e6329ed81d4e851478c72dd40bf) Importer(815301076,1909f56bfc062723c751e8b465ee728b)  -> (artifact id: '9edc531cadd2a8b8d0b5276a5d88a412') in 0.008612 seconds
  Import took 0.010470 seconds .

========================================================================
Received Import Request.
  Time since last request: 3.616525 seconds.
  path: Assets/prefabs/corner.prefab
  artifactKey: Guid(e8f05e6329ed81d4e851478c72dd40bf) Importer(815301076,1909f56bfc062723c751e8b465ee728b)
Start importing Assets/prefabs/corner.prefab using Guid(e8f05e6329ed81d4e851478c72dd40bf) Importer(815301076,1909f56bfc062723c751e8b465ee728b)  -> (artifact id: '23c7ea5d5783a87842409afaa8fd63bf') in 0.005049 seconds
  Import took 0.006763 seconds .

========================================================================
Received Import Request.
  Time since last request: 3.034718 seconds.
  path: Assets/prefabs/corner.prefab
  artifactKey: Guid(e8f05e6329ed81d4e851478c72dd40bf) Importer(815301076,1909f56bfc062723c751e8b465ee728b)
Start importing Assets/prefabs/corner.prefab using Guid(e8f05e6329ed81d4e851478c72dd40bf) Importer(815301076,1909f56bfc062723c751e8b465ee728b)  -> (artifact id: 'c6d4463753dc7b62467e4f2c3013debc') in 0.006890 seconds
  Import took 0.008624 seconds .

========================================================================
Received Import Request.
  Time since last request: 3.815215 seconds.
  path: Assets/prefabs/corner.prefab
  artifactKey: Guid(e8f05e6329ed81d4e851478c72dd40bf) Importer(815301076,1909f56bfc062723c751e8b465ee728b)
Start importing Assets/prefabs/corner.prefab using Guid(e8f05e6329ed81d4e851478c72dd40bf) Importer(815301076,1909f56bfc062723c751e8b465ee728b)  -> (artifact id: 'b49259b1cb7de9bba5a14d0df44aacff') in 0.007057 seconds
  Import took 0.008716 seconds .

========================================================================
Received Import Request.
  Time since last request: 4.911464 seconds.
  path: Assets/prefabs/corner.prefab
  artifactKey: Guid(e8f05e6329ed81d4e851478c72dd40bf) Importer(815301076,1909f56bfc062723c751e8b465ee728b)
Start importing Assets/prefabs/corner.prefab using Guid(e8f05e6329ed81d4e851478c72dd40bf) Importer(815301076,1909f56bfc062723c751e8b465ee728b)  -> (artifact id: '7543060ac296890f19003b2b8a61430c') in 0.007253 seconds
  Import took 0.009324 seconds .

========================================================================
Received Import Request.
  Time since last request: 7.041536 seconds.
  path: Assets/prefabs/corner.prefab
  artifactKey: Guid(e8f05e6329ed81d4e851478c72dd40bf) Importer(815301076,1909f56bfc062723c751e8b465ee728b)
Start importing Assets/prefabs/corner.prefab using Guid(e8f05e6329ed81d4e851478c72dd40bf) Importer(815301076,1909f56bfc062723c751e8b465ee728b)  -> (artifact id: '63a8b9f8d54cdd89a45e4c42123381c6') in 0.008143 seconds
  Import took 0.009944 seconds .

========================================================================
Received Import Request.
  Time since last request: 6.423465 seconds.
  path: Assets/prefabs/corner.prefab
  artifactKey: Guid(e8f05e6329ed81d4e851478c72dd40bf) Importer(815301076,1909f56bfc062723c751e8b465ee728b)
Start importing Assets/prefabs/corner.prefab using Guid(e8f05e6329ed81d4e851478c72dd40bf) Importer(815301076,1909f56bfc062723c751e8b465ee728b)  -> (artifact id: '6a40fd1403126b6fa159334cc62c1a1b') in 0.004970 seconds
  Import took 0.006777 seconds .

========================================================================
Received Import Request.
  Time since last request: 15.083856 seconds.
  path: Assets/prefabs/corner.prefab
  artifactKey: Guid(e8f05e6329ed81d4e851478c72dd40bf) Importer(815301076,1909f56bfc062723c751e8b465ee728b)
Start importing Assets/prefabs/corner.prefab using Guid(e8f05e6329ed81d4e851478c72dd40bf) Importer(815301076,1909f56bfc062723c751e8b465ee728b)  -> (artifact id: '4516c60d0400e7d264b1ee88109ff302') in 0.007206 seconds
  Import took 0.009011 seconds .

========================================================================
Received Import Request.
  Time since last request: 24.172813 seconds.
  path: Assets/prefabs/corner.prefab
  artifactKey: Guid(e8f05e6329ed81d4e851478c72dd40bf) Importer(815301076,1909f56bfc062723c751e8b465ee728b)
Start importing Assets/prefabs/corner.prefab using Guid(e8f05e6329ed81d4e851478c72dd40bf) Importer(815301076,1909f56bfc062723c751e8b465ee728b)  -> (artifact id: '5448be9f3f37abed79366cb2a2eb74ba') in 0.008256 seconds
  Import took 0.010055 seconds .

========================================================================
Received Import Request.
  Time since last request: 5.619852 seconds.
  path: Assets/prefabs/corner.prefab
  artifactKey: Guid(e8f05e6329ed81d4e851478c72dd40bf) Importer(815301076,1909f56bfc062723c751e8b465ee728b)
Start importing Assets/prefabs/corner.prefab using Guid(e8f05e6329ed81d4e851478c72dd40bf) Importer(815301076,1909f56bfc062723c751e8b465ee728b)  -> (artifact id: '4cf5cdbe214be1a38dd861d70e1aa77c') in 0.007131 seconds
  Import took 0.008903 seconds .

========================================================================
Received Import Request.
  Time since last request: 3.417544 seconds.
  path: Assets/prefabs/corner.prefab
  artifactKey: Guid(e8f05e6329ed81d4e851478c72dd40bf) Importer(815301076,1909f56bfc062723c751e8b465ee728b)
Start importing Assets/prefabs/corner.prefab using Guid(e8f05e6329ed81d4e851478c72dd40bf) Importer(815301076,1909f56bfc062723c751e8b465ee728b)  -> (artifact id: '10110985a816ca343799bf972b749aed') in 0.007218 seconds
  Import took 0.008943 seconds .

========================================================================
Received Import Request.
  Time since last request: 4.617516 seconds.
  path: Assets/prefabs/corner.prefab
  artifactKey: Guid(e8f05e6329ed81d4e851478c72dd40bf) Importer(815301076,1909f56bfc062723c751e8b465ee728b)
Start importing Assets/prefabs/corner.prefab using Guid(e8f05e6329ed81d4e851478c72dd40bf) Importer(815301076,1909f56bfc062723c751e8b465ee728b)  -> (artifact id: 'b3ec15ac5b80234446b89e9533e60849') in 0.005065 seconds
  Import took 0.006812 seconds .

========================================================================
Received Import Request.
  Time since last request: 6.924785 seconds.
  path: Assets/prefabs/corner.prefab
  artifactKey: Guid(e8f05e6329ed81d4e851478c72dd40bf) Importer(815301076,1909f56bfc062723c751e8b465ee728b)
Start importing Assets/prefabs/corner.prefab using Guid(e8f05e6329ed81d4e851478c72dd40bf) Importer(815301076,1909f56bfc062723c751e8b465ee728b)  -> (artifact id: '0c669c7c6c0f4b7d9c82743fc433bbd6') in 0.007575 seconds
  Import took 0.009388 seconds .

========================================================================
Received Import Request.
  Time since last request: 5.417911 seconds.
  path: Assets/prefabs/corner.prefab
  artifactKey: Guid(e8f05e6329ed81d4e851478c72dd40bf) Importer(815301076,1909f56bfc062723c751e8b465ee728b)
Start importing Assets/prefabs/corner.prefab using Guid(e8f05e6329ed81d4e851478c72dd40bf) Importer(815301076,1909f56bfc062723c751e8b465ee728b)  -> (artifact id: 'b293c9ed43b87f46c90c617615ace012') in 0.007128 seconds
  Import took 0.008833 seconds .

========================================================================
Received Import Request.
  Time since last request: 4.832328 seconds.
  path: Assets/prefabs/corner.prefab
  artifactKey: Guid(e8f05e6329ed81d4e851478c72dd40bf) Importer(815301076,1909f56bfc062723c751e8b465ee728b)
Start importing Assets/prefabs/corner.prefab using Guid(e8f05e6329ed81d4e851478c72dd40bf) Importer(815301076,1909f56bfc062723c751e8b465ee728b)  -> (artifact id: '9076d4111bda6cd483dc240a6ea6ccb0') in 0.006965 seconds
  Import took 0.008704 seconds .

========================================================================
Received Import Request.
  Time since last request: 2.415477 seconds.
  path: Assets/prefabs/corner.prefab
  artifactKey: Guid(e8f05e6329ed81d4e851478c72dd40bf) Importer(815301076,1909f56bfc062723c751e8b465ee728b)
Start importing Assets/prefabs/corner.prefab using Guid(e8f05e6329ed81d4e851478c72dd40bf) Importer(815301076,1909f56bfc062723c751e8b465ee728b)  -> (artifact id: 'c9259020346a1a22cc4aee94e15939b0') in 0.007248 seconds
  Import took 0.008967 seconds .

========================================================================
Received Import Request.
  Time since last request: 1.405467 seconds.
  path: Assets/prefabs/corner.prefab
  artifactKey: Guid(e8f05e6329ed81d4e851478c72dd40bf) Importer(815301076,1909f56bfc062723c751e8b465ee728b)
Start importing Assets/prefabs/corner.prefab using Guid(e8f05e6329ed81d4e851478c72dd40bf) Importer(815301076,1909f56bfc062723c751e8b465ee728b)  -> (artifact id: '0ea3192cf5521f30b03ff4eb09e12729') in 0.007257 seconds
  Import took 0.008941 seconds .

========================================================================
Received Import Request.
  Time since last request: 1.997114 seconds.
  path: Assets/prefabs/corner.prefab
  artifactKey: Guid(e8f05e6329ed81d4e851478c72dd40bf) Importer(815301076,1909f56bfc062723c751e8b465ee728b)
Start importing Assets/prefabs/corner.prefab using Guid(e8f05e6329ed81d4e851478c72dd40bf) Importer(815301076,1909f56bfc062723c751e8b465ee728b)  -> (artifact id: '88c4821e1eb447501d32f7030f7635c0') in 0.007548 seconds
  Import took 0.009283 seconds .

========================================================================
Received Import Request.
  Time since last request: 10.461805 seconds.
  path: Assets/prefabs/corner.prefab
  artifactKey: Guid(e8f05e6329ed81d4e851478c72dd40bf) Importer(815301076,1909f56bfc062723c751e8b465ee728b)
Start importing Assets/prefabs/corner.prefab using Guid(e8f05e6329ed81d4e851478c72dd40bf) Importer(815301076,1909f56bfc062723c751e8b465ee728b)  -> (artifact id: 'a0f4c52d2e9a25cd204ebc1ef45bdcc8') in 0.007978 seconds
  Import took 0.009835 seconds .

========================================================================
Received Import Request.
  Time since last request: 3.426366 seconds.
  path: Assets/prefabs/corner.prefab
  artifactKey: Guid(e8f05e6329ed81d4e851478c72dd40bf) Importer(815301076,1909f56bfc062723c751e8b465ee728b)
Start importing Assets/prefabs/corner.prefab using Guid(e8f05e6329ed81d4e851478c72dd40bf) Importer(815301076,1909f56bfc062723c751e8b465ee728b)  -> (artifact id: 'b2ca1006ec87859668a5c6948dd5d43d') in 0.006831 seconds
  Import took 0.008579 seconds .

========================================================================
Received Import Request.
  Time since last request: 2.411771 seconds.
  path: Assets/prefabs/corner.prefab
  artifactKey: Guid(e8f05e6329ed81d4e851478c72dd40bf) Importer(815301076,1909f56bfc062723c751e8b465ee728b)
Start importing Assets/prefabs/corner.prefab using Guid(e8f05e6329ed81d4e851478c72dd40bf) Importer(815301076,1909f56bfc062723c751e8b465ee728b)  -> (artifact id: '9956f0a7f549636c50383a8cd4228eba') in 0.006991 seconds
  Import took 0.008712 seconds .

========================================================================
Received Import Request.
  Time since last request: 6.033358 seconds.
  path: Assets/prefabs/corner.prefab
  artifactKey: Guid(e8f05e6329ed81d4e851478c72dd40bf) Importer(815301076,1909f56bfc062723c751e8b465ee728b)
Start importing Assets/prefabs/corner.prefab using Guid(e8f05e6329ed81d4e851478c72dd40bf) Importer(815301076,1909f56bfc062723c751e8b465ee728b)  -> (artifact id: '7dea979e80a8f1016b273f2889289951') in 0.007659 seconds
  Import took 0.009343 seconds .

========================================================================
Received Import Request.
  Time since last request: 7.844898 seconds.
  path: Assets/prefabs/corner.prefab
  artifactKey: Guid(e8f05e6329ed81d4e851478c72dd40bf) Importer(815301076,1909f56bfc062723c751e8b465ee728b)
Start importing Assets/prefabs/corner.prefab using Guid(e8f05e6329ed81d4e851478c72dd40bf) Importer(815301076,1909f56bfc062723c751e8b465ee728b)  -> (artifact id: '9d4a96811a459efebf8c4c86cd5fe21f') in 0.008001 seconds
  Import took 0.009839 seconds .

========================================================================
Received Import Request.
  Time since last request: 2.808660 seconds.
  path: Assets/prefabs/corner.prefab
  artifactKey: Guid(e8f05e6329ed81d4e851478c72dd40bf) Importer(815301076,1909f56bfc062723c751e8b465ee728b)
Start importing Assets/prefabs/corner.prefab using Guid(e8f05e6329ed81d4e851478c72dd40bf) Importer(815301076,1909f56bfc062723c751e8b465ee728b)  -> (artifact id: 'd9e47f6718d6c5d9160e1631bb2d07a8') in 0.007174 seconds
  Import took 0.008861 seconds .

========================================================================
Received Import Request.
  Time since last request: 5.437448 seconds.
  path: Assets/prefabs/corner.prefab
  artifactKey: Guid(e8f05e6329ed81d4e851478c72dd40bf) Importer(815301076,1909f56bfc062723c751e8b465ee728b)
Start importing Assets/prefabs/corner.prefab using Guid(e8f05e6329ed81d4e851478c72dd40bf) Importer(815301076,1909f56bfc062723c751e8b465ee728b)  -> (artifact id: 'e3ae6093668da803f8f6d1c1200a078a') in 0.004924 seconds
  Import took 0.006651 seconds .

========================================================================
Received Import Request.
  Time since last request: 2.212333 seconds.
  path: Assets/prefabs/corner.prefab
  artifactKey: Guid(e8f05e6329ed81d4e851478c72dd40bf) Importer(815301076,1909f56bfc062723c751e8b465ee728b)
Start importing Assets/prefabs/corner.prefab using Guid(e8f05e6329ed81d4e851478c72dd40bf) Importer(815301076,1909f56bfc062723c751e8b465ee728b)  -> (artifact id: '4e1d83436c58aeee51b9dd9cb37147ea') in 0.005154 seconds
  Import took 0.006911 seconds .

========================================================================
Received Import Request.
  Time since last request: 2.010276 seconds.
  path: Assets/prefabs/corner.prefab
  artifactKey: Guid(e8f05e6329ed81d4e851478c72dd40bf) Importer(815301076,1909f56bfc062723c751e8b465ee728b)
Start importing Assets/prefabs/corner.prefab using Guid(e8f05e6329ed81d4e851478c72dd40bf) Importer(815301076,1909f56bfc062723c751e8b465ee728b)  -> (artifact id: '840331727475a92d7f655e4f970eeb0a') in 0.005300 seconds
  Import took 0.007076 seconds .

========================================================================
Received Import Request.
  Time since last request: 2.013713 seconds.
  path: Assets/prefabs/corner.prefab
  artifactKey: Guid(e8f05e6329ed81d4e851478c72dd40bf) Importer(815301076,1909f56bfc062723c751e8b465ee728b)
Start importing Assets/prefabs/corner.prefab using Guid(e8f05e6329ed81d4e851478c72dd40bf) Importer(815301076,1909f56bfc062723c751e8b465ee728b)  -> (artifact id: 'c9b14a0813978a4fb8b6038a3e55b974') in 0.005480 seconds
  Import took 0.007197 seconds .

========================================================================
Received Import Request.
  Time since last request: 5.833075 seconds.
  path: Assets/prefabs/corner.prefab
  artifactKey: Guid(e8f05e6329ed81d4e851478c72dd40bf) Importer(815301076,1909f56bfc062723c751e8b465ee728b)
Start importing Assets/prefabs/corner.prefab using Guid(e8f05e6329ed81d4e851478c72dd40bf) Importer(815301076,1909f56bfc062723c751e8b465ee728b)  -> (artifact id: '82ab5e4135af1817f579ac5cb803ed62') in 0.005646 seconds
  Import took 0.007533 seconds .

========================================================================
Received Import Request.
  Time since last request: 7.680902 seconds.
  path: Assets/prefabs/corner.prefab
  artifactKey: Guid(e8f05e6329ed81d4e851478c72dd40bf) Importer(815301076,1909f56bfc062723c751e8b465ee728b)
Start importing Assets/prefabs/corner.prefab using Guid(e8f05e6329ed81d4e851478c72dd40bf) Importer(815301076,1909f56bfc062723c751e8b465ee728b)  -> (artifact id: 'c7251d74ac538d153470a2607a979017') in 0.007937 seconds
  Import took 0.009717 seconds .

========================================================================
Received Import Request.
  Time since last request: 2.207103 seconds.
  path: Assets/prefabs/corner.prefab
  artifactKey: Guid(e8f05e6329ed81d4e851478c72dd40bf) Importer(815301076,1909f56bfc062723c751e8b465ee728b)
Start importing Assets/prefabs/corner.prefab using Guid(e8f05e6329ed81d4e851478c72dd40bf) Importer(815301076,1909f56bfc062723c751e8b465ee728b)  -> (artifact id: '2e0ab11ecd20df7668f663f12518351d') in 0.004971 seconds
  Import took 0.006625 seconds .

========================================================================
Received Import Request.
  Time since last request: 59.576349 seconds.
  path: Assets/prefabs/corner.prefab
  artifactKey: Guid(e8f05e6329ed81d4e851478c72dd40bf) Importer(815301076,1909f56bfc062723c751e8b465ee728b)
Start importing Assets/prefabs/corner.prefab using Guid(e8f05e6329ed81d4e851478c72dd40bf) Importer(815301076,1909f56bfc062723c751e8b465ee728b)  -> (artifact id: 'd6164daa80252492582c865f40c12d1b') in 0.008466 seconds
  Import took 0.010377 seconds .

========================================================================
Received Import Request.
  Time since last request: 2.200091 seconds.
  path: Assets/prefabs/corner.prefab
  artifactKey: Guid(e8f05e6329ed81d4e851478c72dd40bf) Importer(815301076,1909f56bfc062723c751e8b465ee728b)
Start importing Assets/prefabs/corner.prefab using Guid(e8f05e6329ed81d4e851478c72dd40bf) Importer(815301076,1909f56bfc062723c751e8b465ee728b)  -> (artifact id: '5e30683750f05b4872ac34486a86c7af') in 0.006255 seconds
  Import took 0.008015 seconds .

========================================================================
Received Import Request.
  Time since last request: 4.017157 seconds.
  path: Assets/prefabs/corner.prefab
  artifactKey: Guid(e8f05e6329ed81d4e851478c72dd40bf) Importer(815301076,1909f56bfc062723c751e8b465ee728b)
Start importing Assets/prefabs/corner.prefab using Guid(e8f05e6329ed81d4e851478c72dd40bf) Importer(815301076,1909f56bfc062723c751e8b465ee728b)  -> (artifact id: '491252fab920e1edab687f1d549f9960') in 0.005415 seconds
  Import took 0.007259 seconds .

========================================================================
Received Import Request.
  Time since last request: 4.246741 seconds.
  path: Assets/prefabs/corner.prefab
  artifactKey: Guid(e8f05e6329ed81d4e851478c72dd40bf) Importer(815301076,1909f56bfc062723c751e8b465ee728b)
Start importing Assets/prefabs/corner.prefab using Guid(e8f05e6329ed81d4e851478c72dd40bf) Importer(815301076,1909f56bfc062723c751e8b465ee728b)  -> (artifact id: '330095024e22267ca5d0ece26dff1d93') in 0.005757 seconds
  Import took 0.007513 seconds .

========================================================================
Received Import Request.
  Time since last request: 3.612467 seconds.
  path: Assets/prefabs/corner.prefab
  artifactKey: Guid(e8f05e6329ed81d4e851478c72dd40bf) Importer(815301076,1909f56bfc062723c751e8b465ee728b)
Start importing Assets/prefabs/corner.prefab using Guid(e8f05e6329ed81d4e851478c72dd40bf) Importer(815301076,1909f56bfc062723c751e8b465ee728b)  -> (artifact id: '343172528358611f0d3b859de7b4873c') in 0.005022 seconds
  Import took 0.006721 seconds .

========================================================================
Received Import Request.
  Time since last request: 4.627459 seconds.
  path: Assets/prefabs/corner.prefab
  artifactKey: Guid(e8f05e6329ed81d4e851478c72dd40bf) Importer(815301076,1909f56bfc062723c751e8b465ee728b)
Start importing Assets/prefabs/corner.prefab using Guid(e8f05e6329ed81d4e851478c72dd40bf) Importer(815301076,1909f56bfc062723c751e8b465ee728b)  -> (artifact id: 'f4aea3582ce5873ea85121642d9b6d88') in 0.006527 seconds
  Import took 0.008323 seconds .

========================================================================
Received Import Request.
  Time since last request: 6.676943 seconds.
  path: Assets/prefabs/corner.prefab
  artifactKey: Guid(e8f05e6329ed81d4e851478c72dd40bf) Importer(815301076,1909f56bfc062723c751e8b465ee728b)
Start importing Assets/prefabs/corner.prefab using Guid(e8f05e6329ed81d4e851478c72dd40bf) Importer(815301076,1909f56bfc062723c751e8b465ee728b)  -> (artifact id: '7af92373c142a2125a124c80cec2e5d4') in 0.004940 seconds
  Import took 0.006792 seconds .

========================================================================
Received Import Request.
  Time since last request: 0.795764 seconds.
  path: Assets/prefabs/corner.prefab
  artifactKey: Guid(e8f05e6329ed81d4e851478c72dd40bf) Importer(815301076,1909f56bfc062723c751e8b465ee728b)
Start importing Assets/prefabs/corner.prefab using Guid(e8f05e6329ed81d4e851478c72dd40bf) Importer(815301076,1909f56bfc062723c751e8b465ee728b)  -> (artifact id: '635627a21c547e2b2b7f6c006b98eb66') in 0.006022 seconds
  Import took 0.007808 seconds .

========================================================================
Received Import Request.
  Time since last request: 2.005653 seconds.
  path: Assets/prefabs/corner.prefab
  artifactKey: Guid(e8f05e6329ed81d4e851478c72dd40bf) Importer(815301076,1909f56bfc062723c751e8b465ee728b)
Start importing Assets/prefabs/corner.prefab using Guid(e8f05e6329ed81d4e851478c72dd40bf) Importer(815301076,1909f56bfc062723c751e8b465ee728b)  -> (artifact id: '30e9c718905c282dbad58662277ae3f9') in 0.005255 seconds
  Import took 0.006982 seconds .

========================================================================
Received Import Request.
  Time since last request: 1.809439 seconds.
  path: Assets/prefabs/corner.prefab
  artifactKey: Guid(e8f05e6329ed81d4e851478c72dd40bf) Importer(815301076,1909f56bfc062723c751e8b465ee728b)
Start importing Assets/prefabs/corner.prefab using Guid(e8f05e6329ed81d4e851478c72dd40bf) Importer(815301076,1909f56bfc062723c751e8b465ee728b)  -> (artifact id: '158c49ad8202041d65224f8213a10d01') in 0.007086 seconds
  Import took 0.008889 seconds .

========================================================================
Received Import Request.
  Time since last request: 1.600690 seconds.
  path: Assets/prefabs/corner.prefab
  artifactKey: Guid(e8f05e6329ed81d4e851478c72dd40bf) Importer(815301076,1909f56bfc062723c751e8b465ee728b)
Start importing Assets/prefabs/corner.prefab using Guid(e8f05e6329ed81d4e851478c72dd40bf) Importer(815301076,1909f56bfc062723c751e8b465ee728b)  -> (artifact id: '0606b35a46c1abf87918de39902bcad4') in 0.007549 seconds
  Import took 0.009344 seconds .

========================================================================
Received Import Request.
  Time since last request: 3.815175 seconds.
  path: Assets/prefabs/corner.prefab
  artifactKey: Guid(e8f05e6329ed81d4e851478c72dd40bf) Importer(815301076,1909f56bfc062723c751e8b465ee728b)
Start importing Assets/prefabs/corner.prefab using Guid(e8f05e6329ed81d4e851478c72dd40bf) Importer(815301076,1909f56bfc062723c751e8b465ee728b)  -> (artifact id: 'f89c60fae4ada7cb62252774b17b2f87') in 0.007153 seconds
  Import took 0.008948 seconds .

========================================================================
Received Import Request.
  Time since last request: 3.019529 seconds.
  path: Assets/prefabs/corner.prefab
  artifactKey: Guid(e8f05e6329ed81d4e851478c72dd40bf) Importer(815301076,1909f56bfc062723c751e8b465ee728b)
Start importing Assets/prefabs/corner.prefab using Guid(e8f05e6329ed81d4e851478c72dd40bf) Importer(815301076,1909f56bfc062723c751e8b465ee728b)  -> (artifact id: '62632504bdbe338a024bc73a25b310f1') in 0.007937 seconds
  Import took 0.009752 seconds .

========================================================================
Received Import Request.
  Time since last request: 4.007720 seconds.
  path: Assets/prefabs/corner.prefab
  artifactKey: Guid(e8f05e6329ed81d4e851478c72dd40bf) Importer(815301076,1909f56bfc062723c751e8b465ee728b)
Start importing Assets/prefabs/corner.prefab using Guid(e8f05e6329ed81d4e851478c72dd40bf) Importer(815301076,1909f56bfc062723c751e8b465ee728b)  -> (artifact id: 'd7faffc441709fff1c37cf1bd2aeda3c') in 0.008308 seconds
  Import took 0.010069 seconds .

========================================================================
Received Import Request.
  Time since last request: 3.225047 seconds.
  path: Assets/prefabs/corner.prefab
  artifactKey: Guid(e8f05e6329ed81d4e851478c72dd40bf) Importer(815301076,1909f56bfc062723c751e8b465ee728b)
Start importing Assets/prefabs/corner.prefab using Guid(e8f05e6329ed81d4e851478c72dd40bf) Importer(815301076,1909f56bfc062723c751e8b465ee728b)  -> (artifact id: '48f249c4327644ea95e17fd99b4b1a34') in 0.007245 seconds
  Import took 0.009024 seconds .

========================================================================
Received Import Request.
  Time since last request: 5.235033 seconds.
  path: Assets/prefabs/corner.prefab
  artifactKey: Guid(e8f05e6329ed81d4e851478c72dd40bf) Importer(815301076,1909f56bfc062723c751e8b465ee728b)
Start importing Assets/prefabs/corner.prefab using Guid(e8f05e6329ed81d4e851478c72dd40bf) Importer(815301076,1909f56bfc062723c751e8b465ee728b)  -> (artifact id: '4ae62b8d384b772aac55727ee2044208') in 0.007408 seconds
  Import took 0.009230 seconds .

========================================================================
Received Import Request.
  Time since last request: 10.060042 seconds.
  path: Assets/prefabs/corner.prefab
  artifactKey: Guid(e8f05e6329ed81d4e851478c72dd40bf) Importer(815301076,1909f56bfc062723c751e8b465ee728b)
Start importing Assets/prefabs/corner.prefab using Guid(e8f05e6329ed81d4e851478c72dd40bf) Importer(815301076,1909f56bfc062723c751e8b465ee728b)  -> (artifact id: '935cd24baa33c7c1a162cb2c0c2a0b94') in 0.007262 seconds
  Import took 0.009064 seconds .

========================================================================
Received Import Request.
  Time since last request: 6.020325 seconds.
  path: Assets/prefabs/corner.prefab
  artifactKey: Guid(e8f05e6329ed81d4e851478c72dd40bf) Importer(815301076,1909f56bfc062723c751e8b465ee728b)
Start importing Assets/prefabs/corner.prefab using Guid(e8f05e6329ed81d4e851478c72dd40bf) Importer(815301076,1909f56bfc062723c751e8b465ee728b)  -> (artifact id: '0f84c623af9159d5085ddc45b90880d5') in 0.008013 seconds
  Import took 0.009951 seconds .

========================================================================
Received Import Request.
  Time since last request: 4.836288 seconds.
  path: Assets/prefabs/corner.prefab
  artifactKey: Guid(e8f05e6329ed81d4e851478c72dd40bf) Importer(815301076,1909f56bfc062723c751e8b465ee728b)
Start importing Assets/prefabs/corner.prefab using Guid(e8f05e6329ed81d4e851478c72dd40bf) Importer(815301076,1909f56bfc062723c751e8b465ee728b)  -> (artifact id: '57de5a0ce35bd5209860d80a67fb9984') in 0.007724 seconds
  Import took 0.009559 seconds .

========================================================================
Received Import Request.
  Time since last request: 4.829132 seconds.
  path: Assets/prefabs/corner.prefab
  artifactKey: Guid(e8f05e6329ed81d4e851478c72dd40bf) Importer(815301076,1909f56bfc062723c751e8b465ee728b)
Start importing Assets/prefabs/corner.prefab using Guid(e8f05e6329ed81d4e851478c72dd40bf) Importer(815301076,1909f56bfc062723c751e8b465ee728b)  -> (artifact id: '664dd528c9c7bfa38ce2ba1f82d91924') in 0.007122 seconds
  Import took 0.008945 seconds .

========================================================================
Received Import Request.
  Time since last request: 2.805037 seconds.
  path: Assets/prefabs/corner.prefab
  artifactKey: Guid(e8f05e6329ed81d4e851478c72dd40bf) Importer(815301076,1909f56bfc062723c751e8b465ee728b)
Start importing Assets/prefabs/corner.prefab using Guid(e8f05e6329ed81d4e851478c72dd40bf) Importer(815301076,1909f56bfc062723c751e8b465ee728b)  -> (artifact id: '63bc04dcfa12c0e244a69f2bd74e441b') in 0.007744 seconds
  Import took 0.009548 seconds .

========================================================================
Received Import Request.
  Time since last request: 10.455249 seconds.
  path: Assets/prefabs/corner.prefab
  artifactKey: Guid(e8f05e6329ed81d4e851478c72dd40bf) Importer(815301076,1909f56bfc062723c751e8b465ee728b)
Start importing Assets/prefabs/corner.prefab using Guid(e8f05e6329ed81d4e851478c72dd40bf) Importer(815301076,1909f56bfc062723c751e8b465ee728b)  -> (artifact id: 'c6dc7c79c10a16ff000d5a2058568883') in 0.008050 seconds
  Import took 0.009956 seconds .

========================================================================
Received Import Request.
  Time since last request: 22.152005 seconds.
  path: Assets/prefabs/corner.prefab
  artifactKey: Guid(e8f05e6329ed81d4e851478c72dd40bf) Importer(815301076,1909f56bfc062723c751e8b465ee728b)
Start importing Assets/prefabs/corner.prefab using Guid(e8f05e6329ed81d4e851478c72dd40bf) Importer(815301076,1909f56bfc062723c751e8b465ee728b)  -> (artifact id: '01f70ff2b358a542c5ea2bbd9d69a39b') in 0.007860 seconds
  Import took 0.009666 seconds .

========================================================================
Received Import Request.
  Time since last request: 8.261489 seconds.
  path: Assets/prefabs/corner.prefab
  artifactKey: Guid(e8f05e6329ed81d4e851478c72dd40bf) Importer(815301076,1909f56bfc062723c751e8b465ee728b)
Start importing Assets/prefabs/corner.prefab using Guid(e8f05e6329ed81d4e851478c72dd40bf) Importer(815301076,1909f56bfc062723c751e8b465ee728b)  -> (artifact id: 'bf750149a0c0d2a3711c8438ac673538') in 0.007251 seconds
  Import took 0.008967 seconds .

========================================================================
Received Import Request.
  Time since last request: 3.003608 seconds.
  path: Assets/prefabs/corner.prefab
  artifactKey: Guid(e8f05e6329ed81d4e851478c72dd40bf) Importer(815301076,1909f56bfc062723c751e8b465ee728b)
Start importing Assets/prefabs/corner.prefab using Guid(e8f05e6329ed81d4e851478c72dd40bf) Importer(815301076,1909f56bfc062723c751e8b465ee728b)  -> (artifact id: 'd7b29ba34a6a04f4a71318e633a7fc36') in 0.007222 seconds
  Import took 0.009144 seconds .

========================================================================
Received Import Request.
  Time since last request: 8.047726 seconds.
  path: Assets/prefabs/corner.prefab
  artifactKey: Guid(e8f05e6329ed81d4e851478c72dd40bf) Importer(815301076,1909f56bfc062723c751e8b465ee728b)
Start importing Assets/prefabs/corner.prefab using Guid(e8f05e6329ed81d4e851478c72dd40bf) Importer(815301076,1909f56bfc062723c751e8b465ee728b)  -> (artifact id: 'a7276ad6f9dd42fdf0af62219328f4d5') in 0.008477 seconds
  Import took 0.010428 seconds .

========================================================================
Received Import Request.
  Time since last request: 7.845732 seconds.
  path: Assets/prefabs/corner.prefab
  artifactKey: Guid(e8f05e6329ed81d4e851478c72dd40bf) Importer(815301076,1909f56bfc062723c751e8b465ee728b)
Start importing Assets/prefabs/corner.prefab using Guid(e8f05e6329ed81d4e851478c72dd40bf) Importer(815301076,1909f56bfc062723c751e8b465ee728b)  -> (artifact id: 'bb0c956642bb75f237cb77fa2bc77a1b') in 0.007281 seconds
  Import took 0.009042 seconds .

========================================================================
Received Import Request.
  Time since last request: 35.462880 seconds.
  path: Assets/prefabs/corner.prefab
  artifactKey: Guid(e8f05e6329ed81d4e851478c72dd40bf) Importer(815301076,1909f56bfc062723c751e8b465ee728b)
Start importing Assets/prefabs/corner.prefab using Guid(e8f05e6329ed81d4e851478c72dd40bf) Importer(815301076,1909f56bfc062723c751e8b465ee728b)  -> (artifact id: 'c2ed31a1a66fb7d661d5a00e4ec13ffa') in 0.007182 seconds
  Import took 0.009012 seconds .

========================================================================
Received Import Request.
  Time since last request: 4.025607 seconds.
  path: Assets/prefabs/corner.prefab
  artifactKey: Guid(e8f05e6329ed81d4e851478c72dd40bf) Importer(815301076,1909f56bfc062723c751e8b465ee728b)
Start importing Assets/prefabs/corner.prefab using Guid(e8f05e6329ed81d4e851478c72dd40bf) Importer(815301076,1909f56bfc062723c751e8b465ee728b)  -> (artifact id: '30a76d99d8e977b9542b319869b089e6') in 0.007263 seconds
  Import took 0.009206 seconds .

========================================================================
Received Import Request.
  Time since last request: 11.264546 seconds.
  path: Assets/prefabs/corner.prefab
  artifactKey: Guid(e8f05e6329ed81d4e851478c72dd40bf) Importer(815301076,1909f56bfc062723c751e8b465ee728b)
Start importing Assets/prefabs/corner.prefab using Guid(e8f05e6329ed81d4e851478c72dd40bf) Importer(815301076,1909f56bfc062723c751e8b465ee728b)  -> (artifact id: '417d0d554e4398a0bd124dd85cd4ce69') in 0.007440 seconds
  Import took 0.009224 seconds .

========================================================================
Received Import Request.
  Time since last request: 3.019361 seconds.
  path: Assets/prefabs/corner.prefab
  artifactKey: Guid(e8f05e6329ed81d4e851478c72dd40bf) Importer(815301076,1909f56bfc062723c751e8b465ee728b)
Start importing Assets/prefabs/corner.prefab using Guid(e8f05e6329ed81d4e851478c72dd40bf) Importer(815301076,1909f56bfc062723c751e8b465ee728b)  -> (artifact id: '51b9a46498753c77bc4d1388582af322') in 0.007240 seconds
  Import took 0.009030 seconds .

========================================================================
Received Import Request.
  Time since last request: 2.440939 seconds.
  path: Assets/prefabs/corner.prefab
  artifactKey: Guid(e8f05e6329ed81d4e851478c72dd40bf) Importer(815301076,1909f56bfc062723c751e8b465ee728b)
Start importing Assets/prefabs/corner.prefab using Guid(e8f05e6329ed81d4e851478c72dd40bf) Importer(815301076,1909f56bfc062723c751e8b465ee728b)  -> (artifact id: '636288af1160c1b92937521bc4efdb86') in 0.007151 seconds
  Import took 0.008910 seconds .

========================================================================
Received Import Request.
  Time since last request: 2.200780 seconds.
  path: Assets/prefabs/corner.prefab
  artifactKey: Guid(e8f05e6329ed81d4e851478c72dd40bf) Importer(815301076,1909f56bfc062723c751e8b465ee728b)
Start importing Assets/prefabs/corner.prefab using Guid(e8f05e6329ed81d4e851478c72dd40bf) Importer(815301076,1909f56bfc062723c751e8b465ee728b)  -> (artifact id: '4ffd1ff39185d9bbc172f202ebf27d84') in 0.007066 seconds
  Import took 0.008932 seconds .

========================================================================
Received Import Request.
  Time since last request: 1.828342 seconds.
  path: Assets/prefabs/corner.prefab
  artifactKey: Guid(e8f05e6329ed81d4e851478c72dd40bf) Importer(815301076,1909f56bfc062723c751e8b465ee728b)
Start importing Assets/prefabs/corner.prefab using Guid(e8f05e6329ed81d4e851478c72dd40bf) Importer(815301076,1909f56bfc062723c751e8b465ee728b)  -> (artifact id: 'a4c3cce9cb53b0ae4dc04fe1207f183f') in 0.007412 seconds
  Import took 0.009117 seconds .

========================================================================
Received Import Request.
  Time since last request: 3.210847 seconds.
  path: Assets/prefabs/corner.prefab
  artifactKey: Guid(e8f05e6329ed81d4e851478c72dd40bf) Importer(815301076,1909f56bfc062723c751e8b465ee728b)
Start importing Assets/prefabs/corner.prefab using Guid(e8f05e6329ed81d4e851478c72dd40bf) Importer(815301076,1909f56bfc062723c751e8b465ee728b)  -> (artifact id: '63ee4633095aafc7980032e25b78516e') in 0.006731 seconds
  Import took 0.008498 seconds .

========================================================================
Received Import Request.
  Time since last request: 6.035612 seconds.
  path: Assets/prefabs/corner.prefab
  artifactKey: Guid(e8f05e6329ed81d4e851478c72dd40bf) Importer(815301076,1909f56bfc062723c751e8b465ee728b)
Start importing Assets/prefabs/corner.prefab using Guid(e8f05e6329ed81d4e851478c72dd40bf) Importer(815301076,1909f56bfc062723c751e8b465ee728b)  -> (artifact id: 'cf8914a64c82161a1c7088af0ea69810') in 0.008920 seconds
  Import took 0.011011 seconds .

========================================================================
Received Import Request.
  Time since last request: 2.614309 seconds.
  path: Assets/prefabs/corner.prefab
  artifactKey: Guid(e8f05e6329ed81d4e851478c72dd40bf) Importer(815301076,1909f56bfc062723c751e8b465ee728b)
Start importing Assets/prefabs/corner.prefab using Guid(e8f05e6329ed81d4e851478c72dd40bf) Importer(815301076,1909f56bfc062723c751e8b465ee728b)  -> (artifact id: 'b87294aae3ae2f6065bbea22206a7f8f') in 0.007650 seconds
  Import took 0.009471 seconds .

========================================================================
Received Import Request.
  Time since last request: 5.437522 seconds.
  path: Assets/prefabs/corner.prefab
  artifactKey: Guid(e8f05e6329ed81d4e851478c72dd40bf) Importer(815301076,1909f56bfc062723c751e8b465ee728b)
Start importing Assets/prefabs/corner.prefab using Guid(e8f05e6329ed81d4e851478c72dd40bf) Importer(815301076,1909f56bfc062723c751e8b465ee728b)  -> (artifact id: '95a3e672daf8a1163e76bbd52b7589f6') in 0.008300 seconds
  Import took 0.010094 seconds .

========================================================================
Received Import Request.
  Time since last request: 5.427611 seconds.
  path: Assets/prefabs/corner.prefab
  artifactKey: Guid(e8f05e6329ed81d4e851478c72dd40bf) Importer(815301076,1909f56bfc062723c751e8b465ee728b)
Start importing Assets/prefabs/corner.prefab using Guid(e8f05e6329ed81d4e851478c72dd40bf) Importer(815301076,1909f56bfc062723c751e8b465ee728b)  -> (artifact id: '5a57e1ad9c6d19a9c300797ece43299e') in 0.007185 seconds
  Import took 0.008973 seconds .

========================================================================
Received Import Request.
  Time since last request: 8.655830 seconds.
  path: Assets/prefabs/corner.prefab
  artifactKey: Guid(e8f05e6329ed81d4e851478c72dd40bf) Importer(815301076,1909f56bfc062723c751e8b465ee728b)
Start importing Assets/prefabs/corner.prefab using Guid(e8f05e6329ed81d4e851478c72dd40bf) Importer(815301076,1909f56bfc062723c751e8b465ee728b)  -> (artifact id: '29789fd580e243a107eb39d6869050aa') in 0.007158 seconds
  Import took 0.009002 seconds .

========================================================================
Received Import Request.
  Time since last request: 3.626882 seconds.
  path: Assets/prefabs/corner.prefab
  artifactKey: Guid(e8f05e6329ed81d4e851478c72dd40bf) Importer(815301076,1909f56bfc062723c751e8b465ee728b)
Start importing Assets/prefabs/corner.prefab using Guid(e8f05e6329ed81d4e851478c72dd40bf) Importer(815301076,1909f56bfc062723c751e8b465ee728b)  -> (artifact id: '694253446d06b6e8d5e893bb1ef5ea9d') in 0.007283 seconds
  Import took 0.008996 seconds .

========================================================================
Received Import Request.
  Time since last request: 3.000872 seconds.
  path: Assets/prefabs/corner.prefab
  artifactKey: Guid(e8f05e6329ed81d4e851478c72dd40bf) Importer(815301076,1909f56bfc062723c751e8b465ee728b)
Start importing Assets/prefabs/corner.prefab using Guid(e8f05e6329ed81d4e851478c72dd40bf) Importer(815301076,1909f56bfc062723c751e8b465ee728b)  -> (artifact id: '1c638b0c72f42db4ba0cbf0c5760f023') in 0.007714 seconds
  Import took 0.009555 seconds .

========================================================================
Received Import Request.
  Time since last request: 5.270250 seconds.
  path: Assets/prefabs/corner.prefab
  artifactKey: Guid(e8f05e6329ed81d4e851478c72dd40bf) Importer(815301076,1909f56bfc062723c751e8b465ee728b)
Start importing Assets/prefabs/corner.prefab using Guid(e8f05e6329ed81d4e851478c72dd40bf) Importer(815301076,1909f56bfc062723c751e8b465ee728b)  -> (artifact id: 'c37b3fbe0bc86a4a34924bd5d024ad1d') in 0.007280 seconds
  Import took 0.009081 seconds .

========================================================================
Received Import Request.
  Time since last request: 4.626666 seconds.
  path: Assets/prefabs/corner.prefab
  artifactKey: Guid(e8f05e6329ed81d4e851478c72dd40bf) Importer(815301076,1909f56bfc062723c751e8b465ee728b)
Start importing Assets/prefabs/corner.prefab using Guid(e8f05e6329ed81d4e851478c72dd40bf) Importer(815301076,1909f56bfc062723c751e8b465ee728b)  -> (artifact id: '1dc0c4c81ce989e0003c6bd12bd01d08') in 0.008512 seconds
  Import took 0.010379 seconds .

========================================================================
Received Import Request.
  Time since last request: 3.203863 seconds.
  path: Assets/prefabs/corner.prefab
  artifactKey: Guid(e8f05e6329ed81d4e851478c72dd40bf) Importer(815301076,1909f56bfc062723c751e8b465ee728b)
Start importing Assets/prefabs/corner.prefab using Guid(e8f05e6329ed81d4e851478c72dd40bf) Importer(815301076,1909f56bfc062723c751e8b465ee728b)  -> (artifact id: '7589aee917f25870d843416d41224f9e') in 0.008587 seconds
  Import took 0.010421 seconds .

========================================================================
Received Import Request.
  Time since last request: 11.459731 seconds.
  path: Assets/prefabs/corner.prefab
  artifactKey: Guid(e8f05e6329ed81d4e851478c72dd40bf) Importer(815301076,1909f56bfc062723c751e8b465ee728b)
Start importing Assets/prefabs/corner.prefab using Guid(e8f05e6329ed81d4e851478c72dd40bf) Importer(815301076,1909f56bfc062723c751e8b465ee728b)  -> (artifact id: '15a6e7b97edd70bb019d1428b609a052') in 0.008457 seconds
  Import took 0.010438 seconds .

========================================================================
Received Import Request.
  Time since last request: 8.022413 seconds.
  path: Assets/prefabs/corner.prefab
  artifactKey: Guid(e8f05e6329ed81d4e851478c72dd40bf) Importer(815301076,1909f56bfc062723c751e8b465ee728b)
Start importing Assets/prefabs/corner.prefab using Guid(e8f05e6329ed81d4e851478c72dd40bf) Importer(815301076,1909f56bfc062723c751e8b465ee728b)  -> (artifact id: '4196645797ddcd7239b829b7b4d86e9f') in 0.007666 seconds
  Import took 0.009507 seconds .

========================================================================
Received Import Request.
  Time since last request: 6.635425 seconds.
  path: Assets/prefabs/corner.prefab
  artifactKey: Guid(e8f05e6329ed81d4e851478c72dd40bf) Importer(815301076,1909f56bfc062723c751e8b465ee728b)
Start importing Assets/prefabs/corner.prefab using Guid(e8f05e6329ed81d4e851478c72dd40bf) Importer(815301076,1909f56bfc062723c751e8b465ee728b)  -> (artifact id: '64bd45906486dd5d1d9e68549a3a1674') in 0.007178 seconds
  Import took 0.008917 seconds .

========================================================================
Received Import Request.
  Time since last request: 10.293151 seconds.
  path: Assets/prefabs/corner.prefab
  artifactKey: Guid(e8f05e6329ed81d4e851478c72dd40bf) Importer(815301076,1909f56bfc062723c751e8b465ee728b)
Start importing Assets/prefabs/corner.prefab using Guid(e8f05e6329ed81d4e851478c72dd40bf) Importer(815301076,1909f56bfc062723c751e8b465ee728b)  -> (artifact id: '392f29899dfa378cd6f3eead3e16cd67') in 0.008042 seconds
  Import took 0.009881 seconds .

========================================================================
Received Import Request.
  Time since last request: 26.128765 seconds.
  path: Assets/prefabs/corner.prefab
  artifactKey: Guid(e8f05e6329ed81d4e851478c72dd40bf) Importer(815301076,1909f56bfc062723c751e8b465ee728b)
Start importing Assets/prefabs/corner.prefab using Guid(e8f05e6329ed81d4e851478c72dd40bf) Importer(815301076,1909f56bfc062723c751e8b465ee728b)  -> (artifact id: '86272238d01802660b7264bd5b2fb2d4') in 0.008254 seconds
  Import took 0.010219 seconds .

========================================================================
Received Import Request.
  Time since last request: 12.874959 seconds.
  path: Assets/prefabs/corner.prefab
  artifactKey: Guid(e8f05e6329ed81d4e851478c72dd40bf) Importer(815301076,1909f56bfc062723c751e8b465ee728b)
Start importing Assets/prefabs/corner.prefab using Guid(e8f05e6329ed81d4e851478c72dd40bf) Importer(815301076,1909f56bfc062723c751e8b465ee728b)  -> (artifact id: '821a16dac1d7b3e796ce76a7f3646c22') in 0.006946 seconds
  Import took 0.008740 seconds .

========================================================================
Received Import Request.
  Time since last request: 13.892197 seconds.
  path: Assets/prefabs/corner.prefab
  artifactKey: Guid(e8f05e6329ed81d4e851478c72dd40bf) Importer(815301076,1909f56bfc062723c751e8b465ee728b)
Start importing Assets/prefabs/corner.prefab using Guid(e8f05e6329ed81d4e851478c72dd40bf) Importer(815301076,1909f56bfc062723c751e8b465ee728b)  -> (artifact id: 'ffdfb8f9daf65d2c297fe34b150519af') in 0.008594 seconds
  Import took 0.010403 seconds .

========================================================================
Received Import Request.
  Time since last request: 21.118948 seconds.
  path: Assets/prefabs/corner.prefab
  artifactKey: Guid(e8f05e6329ed81d4e851478c72dd40bf) Importer(815301076,1909f56bfc062723c751e8b465ee728b)
Start importing Assets/prefabs/corner.prefab using Guid(e8f05e6329ed81d4e851478c72dd40bf) Importer(815301076,1909f56bfc062723c751e8b465ee728b)  -> (artifact id: '6c9452925284bd68042bc4f5c5a3acc9') in 0.007361 seconds
  Import took 0.009099 seconds .

========================================================================
Received Import Request.
  Time since last request: 28.360594 seconds.
  path: Assets/prefabs/corner.prefab
  artifactKey: Guid(e8f05e6329ed81d4e851478c72dd40bf) Importer(815301076,1909f56bfc062723c751e8b465ee728b)
Start importing Assets/prefabs/corner.prefab using Guid(e8f05e6329ed81d4e851478c72dd40bf) Importer(815301076,1909f56bfc062723c751e8b465ee728b)  -> (artifact id: '6f6b3a79747d9ca6b24182a9abfc76cc') in 0.007200 seconds
  Import took 0.009010 seconds .

========================================================================
Received Import Request.
  Time since last request: 6.255016 seconds.
  path: Assets/prefabs/corner.prefab
  artifactKey: Guid(e8f05e6329ed81d4e851478c72dd40bf) Importer(815301076,1909f56bfc062723c751e8b465ee728b)
Start importing Assets/prefabs/corner.prefab using Guid(e8f05e6329ed81d4e851478c72dd40bf) Importer(815301076,1909f56bfc062723c751e8b465ee728b)  -> (artifact id: 'f15b216c267ad3dca31c5b4711f60cb0') in 0.007820 seconds
  Import took 0.009706 seconds .

========================================================================
Received Import Request.
  Time since last request: 9.246238 seconds.
  path: Assets/prefabs/corner.prefab
  artifactKey: Guid(e8f05e6329ed81d4e851478c72dd40bf) Importer(815301076,1909f56bfc062723c751e8b465ee728b)
Start importing Assets/prefabs/corner.prefab using Guid(e8f05e6329ed81d4e851478c72dd40bf) Importer(815301076,1909f56bfc062723c751e8b465ee728b)  -> (artifact id: '15d89cf01a425feb990069f289a2b68a') in 0.008748 seconds
  Import took 0.010849 seconds .

========================================================================
Received Prepare
Registering precompiled user dll's ...
Registered in 0.000451 seconds.
Begin MonoManager ReloadAssembly
Native extension for WindowsStandalone target not found
Native extension for WebGL target not found
Refreshing native plugins compatible for Editor in 0.22 ms, found 0 plugins.
Preloading 0 native plugins for Editor in 0.00 ms.
Mono: successfully reloaded assembly
- Completed reload, in  0.503 seconds
Platform modules already initialized, skipping
Refreshing native plugins compatible for Editor in 0.19 ms, found 0 plugins.
Preloading 0 native plugins for Editor in 0.00 ms.
Unloading 1114 Unused Serialized files (Serialized files now loaded: 0)
System memory in use before: 60.7 MB.
System memory in use after: 60.7 MB.

Unloading 6 unused Assets to reduce memory usage. Loaded Objects now: 1574.
Total: 1.411800 ms (FindLiveObjects: 0.116100 ms CreateObjectMapping: 0.026900 ms MarkObjects: 1.231200 ms  DeleteObjects: 0.037100 ms)

========================================================================
Received Import Request.
  Time since last request: 110.267513 seconds.
  path: Assets/prefabs/rocket.prefab
  artifactKey: Guid(70a4f137faee5464e8b1b0e4bf003d6e) Importer(815301076,1909f56bfc062723c751e8b465ee728b)
Start importing Assets/prefabs/rocket.prefab using Guid(70a4f137faee5464e8b1b0e4bf003d6e) Importer(815301076,1909f56bfc062723c751e8b465ee728b)  -> (artifact id: '062171c1f6dfb32fd3f1d2c2b9f87814') in 0.041850 seconds
  Import took 0.043618 seconds .

========================================================================
Received Prepare
Registering precompiled user dll's ...
Registered in 0.000438 seconds.
Begin MonoManager ReloadAssembly
Native extension for WindowsStandalone target not found
Native extension for WebGL target not found
Refreshing native plugins compatible for Editor in 0.23 ms, found 0 plugins.
Preloading 0 native plugins for Editor in 0.00 ms.
Mono: successfully reloaded assembly
- Completed reload, in  0.531 seconds
Platform modules already initialized, skipping
Refreshing native plugins compatible for Editor in 0.23 ms, found 0 plugins.
Preloading 0 native plugins for Editor in 0.00 ms.
Unloading 1114 Unused Serialized files (Serialized files now loaded: 0)
System memory in use before: 60.7 MB.
System memory in use after: 60.8 MB.

Unloading 6 unused Assets to reduce memory usage. Loaded Objects now: 1579.
Total: 1.523300 ms (FindLiveObjects: 0.139600 ms CreateObjectMapping: 0.033100 ms MarkObjects: 1.304600 ms  DeleteObjects: 0.045300 ms)

========================================================================
Received Import Request.
  Time since last request: 17.609981 seconds.
  path: Assets/prefabs/rocket.prefab
  artifactKey: Guid(70a4f137faee5464e8b1b0e4bf003d6e) Importer(815301076,1909f56bfc062723c751e8b465ee728b)
Start importing Assets/prefabs/rocket.prefab using Guid(70a4f137faee5464e8b1b0e4bf003d6e) Importer(815301076,1909f56bfc062723c751e8b465ee728b)  -> (artifact id: 'd0c862ae71571474da7266bc76f3d41a') in 0.038352 seconds
  Import took 0.040088 seconds .

========================================================================
Received Prepare
Registering precompiled user dll's ...
Registered in 0.000507 seconds.
Begin MonoManager ReloadAssembly
Native extension for WindowsStandalone target not found
Native extension for WebGL target not found
Refreshing native plugins compatible for Editor in 0.36 ms, found 0 plugins.
Preloading 0 native plugins for Editor in 0.00 ms.
Mono: successfully reloaded assembly
- Completed reload, in  0.539 seconds
Platform modules already initialized, skipping
Refreshing native plugins compatible for Editor in 0.22 ms, found 0 plugins.
Preloading 0 native plugins for Editor in 0.00 ms.
Unloading 1114 Unused Serialized files (Serialized files now loaded: 0)
System memory in use before: 60.7 MB.
System memory in use after: 60.8 MB.

Unloading 6 unused Assets to reduce memory usage. Loaded Objects now: 1583.
Total: 1.536100 ms (FindLiveObjects: 0.130600 ms CreateObjectMapping: 0.027000 ms MarkObjects: 1.328700 ms  DeleteObjects: 0.048900 ms)

========================================================================
Received Import Request.
  Time since last request: 106.016558 seconds.
  path: Assets/prefabs/corner.prefab
  artifactKey: Guid(e8f05e6329ed81d4e851478c72dd40bf) Importer(815301076,1909f56bfc062723c751e8b465ee728b)
Start importing Assets/prefabs/corner.prefab using Guid(e8f05e6329ed81d4e851478c72dd40bf) Importer(815301076,1909f56bfc062723c751e8b465ee728b)  -> (artifact id: 'ec7e790865de00aedecaf6812e36bbd7') in 0.043073 seconds
  Import took 0.044893 seconds .

========================================================================
Received Prepare
Registering precompiled user dll's ...
Registered in 0.000493 seconds.
Begin MonoManager ReloadAssembly
Native extension for WindowsStandalone target not found
Native extension for WebGL target not found
Refreshing native plugins compatible for Editor in 0.22 ms, found 0 plugins.
Preloading 0 native plugins for Editor in 0.00 ms.
Mono: successfully reloaded assembly
- Completed reload, in  0.534 seconds
Platform modules already initialized, skipping
Refreshing native plugins compatible for Editor in 0.24 ms, found 0 plugins.
Preloading 0 native plugins for Editor in 0.00 ms.
Unloading 1114 Unused Serialized files (Serialized files now loaded: 0)
System memory in use before: 60.7 MB.
System memory in use after: 60.8 MB.

Unloading 6 unused Assets to reduce memory usage. Loaded Objects now: 1587.
Total: 1.580500 ms (FindLiveObjects: 0.152200 ms CreateObjectMapping: 0.026600 ms MarkObjects: 1.351900 ms  DeleteObjects: 0.049200 ms)

========================================================================
Received Import Request.
  Time since last request: 40.359983 seconds.
  path: Assets/prefabs/corner.prefab
  artifactKey: Guid(e8f05e6329ed81d4e851478c72dd40bf) Importer(815301076,1909f56bfc062723c751e8b465ee728b)
Start importing Assets/prefabs/corner.prefab using Guid(e8f05e6329ed81d4e851478c72dd40bf) Importer(815301076,1909f56bfc062723c751e8b465ee728b)  -> (artifact id: '31808098561867f89e08ebab83760fd8') in 0.042305 seconds
  Import took 0.044108 seconds .

========================================================================
Received Import Request.
  Time since last request: 362.422069 seconds.
  path: Assets/scripts/Player.cs
  artifactKey: Guid(5cfd31df1113cb3438a423838268441d) Importer(815301076,1909f56bfc062723c751e8b465ee728b)
Start importing Assets/scripts/Player.cs using Guid(5cfd31df1113cb3438a423838268441d) Importer(815301076,1909f56bfc062723c751e8b465ee728b)  -> (artifact id: 'dbd084ae6d764eee12b0f5d8d86eba04') in 0.009630 seconds
  Import took 0.011569 seconds .

========================================================================
Received Prepare
Registering precompiled user dll's ...
Registered in 0.000484 seconds.
Begin MonoManager ReloadAssembly
Native extension for WindowsStandalone target not found
Native extension for WebGL target not found
Refreshing native plugins compatible for Editor in 0.23 ms, found 0 plugins.
Preloading 0 native plugins for Editor in 0.00 ms.
Mono: successfully reloaded assembly
- Completed reload, in  0.526 seconds
Platform modules already initialized, skipping
Refreshing native plugins compatible for Editor in 0.22 ms, found 0 plugins.
Preloading 0 native plugins for Editor in 0.00 ms.
Unloading 1114 Unused Serialized files (Serialized files now loaded: 0)
System memory in use before: 60.8 MB.
System memory in use after: 60.8 MB.

Unloading 6 unused Assets to reduce memory usage. Loaded Objects now: 1591.
Total: 1.599600 ms (FindLiveObjects: 0.139800 ms CreateObjectMapping: 0.026800 ms MarkObjects: 1.377900 ms  DeleteObjects: 0.054200 ms)

========================================================================
Received Import Request.
  Time since last request: 26.714444 seconds.
  path: Assets/scripts/Player.cs
  artifactKey: Guid(5cfd31df1113cb3438a423838268441d) Importer(815301076,1909f56bfc062723c751e8b465ee728b)
Start importing Assets/scripts/Player.cs using Guid(5cfd31df1113cb3438a423838268441d) Importer(815301076,1909f56bfc062723c751e8b465ee728b)  -> (artifact id: '10aae13edc5800e10d81122c04e05b60') in 0.003701 seconds
  Import took 0.005173 seconds .

========================================================================
Received Prepare
Registering precompiled user dll's ...
Registered in 0.000487 seconds.
Begin MonoManager ReloadAssembly
Native extension for WindowsStandalone target not found
Native extension for WebGL target not found
Refreshing native plugins compatible for Editor in 0.24 ms, found 0 plugins.
Preloading 0 native plugins for Editor in 0.00 ms.
Mono: successfully reloaded assembly
- Completed reload, in  0.498 seconds
Platform modules already initialized, skipping
Refreshing native plugins compatible for Editor in 0.22 ms, found 0 plugins.
Preloading 0 native plugins for Editor in 0.00 ms.
Unloading 1114 Unused Serialized files (Serialized files now loaded: 0)
System memory in use before: 60.8 MB.
System memory in use after: 60.8 MB.

Unloading 5 unused Assets to reduce memory usage. Loaded Objects now: 1594.
Total: 1.613500 ms (FindLiveObjects: 0.136700 ms CreateObjectMapping: 0.033600 ms MarkObjects: 1.404200 ms  DeleteObjects: 0.038500 ms)

========================================================================
Received Import Request.
  Time since last request: 48.169794 seconds.
  path: Assets/prefabs/straight.prefab
  artifactKey: Guid(789b1b07d0876824e8fa0017c0e29ad2) Importer(815301076,1909f56bfc062723c751e8b465ee728b)
Start importing Assets/prefabs/straight.prefab using Guid(789b1b07d0876824e8fa0017c0e29ad2) Importer(815301076,1909f56bfc062723c751e8b465ee728b)  -> (artifact id: 'bdc8585d69f248bff94e76abd2c26a4d') in 0.039339 seconds
  Import took 0.041149 seconds .

========================================================================
Received Import Request.
  Time since last request: 8.436362 seconds.
  path: Assets/prefabs/rooms
  artifactKey: Guid(522815795ad8b684c9c724f8cb669899) Importer(815301076,1909f56bfc062723c751e8b465ee728b)
Start importing Assets/prefabs/rooms using Guid(522815795ad8b684c9c724f8cb669899) Importer(815301076,1909f56bfc062723c751e8b465ee728b)  -> (artifact id: '22958ee2fcd71e679e0f465219c21862') in 0.006867 seconds
  Import took 0.008950 seconds .

========================================================================
Received Import Request.
  Time since last request: 73.787765 seconds.
  path: Assets/prefabs/rooms/corner.prefab
  artifactKey: Guid(e8f05e6329ed81d4e851478c72dd40bf) Importer(815301076,1909f56bfc062723c751e8b465ee728b)
Start importing Assets/prefabs/rooms/corner.prefab using Guid(e8f05e6329ed81d4e851478c72dd40bf) Importer(815301076,1909f56bfc062723c751e8b465ee728b)  -> (artifact id: 'ea497e84e4d6f594926e2fcbcee4abc6') in 0.006770 seconds
  Import took 0.008928 seconds .

========================================================================
Received Import Request.
  Time since last request: 2.402693 seconds.
  path: Assets/prefabs/rooms/corner.prefab
  artifactKey: Guid(e8f05e6329ed81d4e851478c72dd40bf) Importer(815301076,1909f56bfc062723c751e8b465ee728b)
Start importing Assets/prefabs/rooms/corner.prefab using Guid(e8f05e6329ed81d4e851478c72dd40bf) Importer(815301076,1909f56bfc062723c751e8b465ee728b)  -> (artifact id: 'a713b731dabdcddb01762fa34e5ce265') in 0.005696 seconds
  Import took 0.007887 seconds .

========================================================================
Received Import Request.
  Time since last request: 1.606356 seconds.
  path: Assets/prefabs/rooms/corner.prefab
  artifactKey: Guid(e8f05e6329ed81d4e851478c72dd40bf) Importer(815301076,1909f56bfc062723c751e8b465ee728b)
Start importing Assets/prefabs/rooms/corner.prefab using Guid(e8f05e6329ed81d4e851478c72dd40bf) Importer(815301076,1909f56bfc062723c751e8b465ee728b)  -> (artifact id: '2250ade261370062a601f26bfb5dfb02') in 0.006108 seconds
  Import took 0.007828 seconds .

========================================================================
Received Import Request.
  Time since last request: 10.095741 seconds.
  path: Assets/prefabs/rooms/straight.prefab
  artifactKey: Guid(789b1b07d0876824e8fa0017c0e29ad2) Importer(815301076,1909f56bfc062723c751e8b465ee728b)
Start importing Assets/prefabs/rooms/straight.prefab using Guid(789b1b07d0876824e8fa0017c0e29ad2) Importer(815301076,1909f56bfc062723c751e8b465ee728b)  -> (artifact id: '71891019de1b01f30d6a35058008fe2c') in 0.007401 seconds
  Import took 0.009585 seconds .

========================================================================
Received Import Request.
  Time since last request: 674.163629 seconds.
  path: Assets/prefabs/rooms/T-intersection.prefab
  artifactKey: Guid(1aa6a708ad69b6a4caf80a337a221e92) Importer(815301076,1909f56bfc062723c751e8b465ee728b)
Start importing Assets/prefabs/rooms/T-intersection.prefab using Guid(1aa6a708ad69b6a4caf80a337a221e92) Importer(815301076,1909f56bfc062723c751e8b465ee728b)  -> (artifact id: '5dff0999543d81070dc7f02a6d85ee1c') in 0.010297 seconds
  Import took 0.012555 seconds .

========================================================================
Received Import Request.
  Time since last request: 0.005075 seconds.
  path: Assets/prefabs/rooms/T-intersection.prefab
  artifactKey: Guid(1aa6a708ad69b6a4caf80a337a221e92) Importer(815301076,1909f56bfc062723c751e8b465ee728b)
Start importing Assets/prefabs/rooms/T-intersection.prefab using Guid(1aa6a708ad69b6a4caf80a337a221e92) Importer(815301076,1909f56bfc062723c751e8b465ee728b)  -> (artifact id: '5dff0999543d81070dc7f02a6d85ee1c') in 0.006417 seconds
  Import took 0.008067 seconds .

========================================================================
Received Import Request.
  Time since last request: 7.451136 seconds.
  path: Assets/prefabs/rooms/corner.prefab
  artifactKey: Guid(e8f05e6329ed81d4e851478c72dd40bf) Importer(815301076,1909f56bfc062723c751e8b465ee728b)
Start importing Assets/prefabs/rooms/corner.prefab using Guid(e8f05e6329ed81d4e851478c72dd40bf) Importer(815301076,1909f56bfc062723c751e8b465ee728b)  -> (artifact id: 'cef990d1e8ec1261927ab6e43432be30') in 0.005773 seconds
  Import took 0.007881 seconds .

========================================================================
Received Import Request.
  Time since last request: 33.153062 seconds.
  path: Assets/prefabs/rooms/T-intersection.prefab
  artifactKey: Guid(1aa6a708ad69b6a4caf80a337a221e92) Importer(815301076,1909f56bfc062723c751e8b465ee728b)
Start importing Assets/prefabs/rooms/T-intersection.prefab using Guid(1aa6a708ad69b6a4caf80a337a221e92) Importer(815301076,1909f56bfc062723c751e8b465ee728b)  -> (artifact id: 'b2e5623f73125961047c1c0ee111803c') in 0.005947 seconds
  Import took 0.008021 seconds .

========================================================================
Received Import Request.
  Time since last request: 12.761814 seconds.
  path: Assets/prefabs/rooms/T-intersection.prefab
  artifactKey: Guid(1aa6a708ad69b6a4caf80a337a221e92) Importer(815301076,1909f56bfc062723c751e8b465ee728b)
Start importing Assets/prefabs/rooms/T-intersection.prefab using Guid(1aa6a708ad69b6a4caf80a337a221e92) Importer(815301076,1909f56bfc062723c751e8b465ee728b)  -> (artifact id: '90695338ae10d876f92377f18587f886') in 0.006797 seconds
  Import took 0.009420 seconds .

========================================================================
Received Prepare
Registering precompiled user dll's ...
Registered in 0.000509 seconds.
Begin MonoManager ReloadAssembly
Native extension for WindowsStandalone target not found
Native extension for WebGL target not found
Refreshing native plugins compatible for Editor in 0.23 ms, found 0 plugins.
Preloading 0 native plugins for Editor in 0.00 ms.
Mono: successfully reloaded assembly
- Completed reload, in  0.496 seconds
Platform modules already initialized, skipping
Refreshing native plugins compatible for Editor in 0.21 ms, found 0 plugins.
Preloading 0 native plugins for Editor in 0.00 ms.
Unloading 1114 Unused Serialized files (Serialized files now loaded: 0)
System memory in use before: 60.8 MB.
System memory in use after: 60.8 MB.

Unloading 6 unused Assets to reduce memory usage. Loaded Objects now: 1598.
Total: 1.605200 ms (FindLiveObjects: 0.131400 ms CreateObjectMapping: 0.031600 ms MarkObjects: 1.400400 ms  DeleteObjects: 0.041100 ms)

========================================================================
Received Import Request.
  Time since last request: 83.887906 seconds.
  path: Assets/prefabs/rooms/corner.prefab
  artifactKey: Guid(e8f05e6329ed81d4e851478c72dd40bf) Importer(815301076,1909f56bfc062723c751e8b465ee728b)
Start importing Assets/prefabs/rooms/corner.prefab using Guid(e8f05e6329ed81d4e851478c72dd40bf) Importer(815301076,1909f56bfc062723c751e8b465ee728b)  -> (artifact id: 'b014310fc6e06de9a57d700384ecedf7') in 0.037070 seconds
  Import took 0.038696 seconds .

========================================================================
Received Prepare
Registering precompiled user dll's ...
Registered in 0.000397 seconds.
Begin MonoManager ReloadAssembly
Native extension for WindowsStandalone target not found
Native extension for WebGL target not found
Refreshing native plugins compatible for Editor in 0.23 ms, found 0 plugins.
Preloading 0 native plugins for Editor in 0.00 ms.
Mono: successfully reloaded assembly
- Completed reload, in  0.488 seconds
Platform modules already initialized, skipping
Refreshing native plugins compatible for Editor in 0.22 ms, found 0 plugins.
Preloading 0 native plugins for Editor in 0.00 ms.
Unloading 1114 Unused Serialized files (Serialized files now loaded: 0)
System memory in use before: 60.8 MB.
System memory in use after: 60.8 MB.

Unloading 6 unused Assets to reduce memory usage. Loaded Objects now: 1602.
Total: 1.533300 ms (FindLiveObjects: 0.131100 ms CreateObjectMapping: 0.031400 ms MarkObjects: 1.326200 ms  DeleteObjects: 0.043800 ms)

AssetImportWorkerClient::OnTransportError - code=2 error=End of file
